2025-09-14 19:17:09,207 - INFO - Running API...
2025-09-14 19:17:12,502 - INFO - Running API...
2025-09-14 19:17:12,770 - INFO - Running API...
2025-09-14 19:17:12,770 - INFO - Running API...
2025-09-14 19:17:58,287 - INFO - Image received
2025-09-14 19:17:58,287 - INFO - Image received
2025-09-14 19:17:58,295 - INFO - Checking whether image needs cropping...
2025-09-14 19:17:58,295 - INFO - Checking whether image needs cropping...
2025-09-14 19:17:58,357 - INFO - Image not cropped...
2025-09-14 19:17:58,357 - INFO - Image not cropped...
2025-09-14 19:17:58,357 - INFO - Removing background of image...
2025-09-14 19:17:58,357 - INFO - Removing background of image...
2025-09-14 19:18:02,412 - INFO - Cropping Passport from image
2025-09-14 19:18:02,412 - INFO - Cropping Passport from image
2025-09-14 19:18:02,468 - INFO - Correcting Passport Orientation...
2025-09-14 19:18:02,468 - INFO - Correcting Passport Orientation...
2025-09-14 19:18:02,615 - INFO - Correcting Face orientation...
2025-09-14 19:18:02,615 - INFO - Correcting Face orientation...
2025-09-14 19:18:02,704 - INFO - Adding padding...
2025-09-14 19:18:02,704 - INFO - Adding padding...
2025-09-14 19:18:02,704 - INFO - Converting image to Base64 string...
2025-09-14 19:18:02,704 - INFO - Converting image to Base64 string...
2025-09-14 19:18:02,725 - INFO - Saving output image...
2025-09-14 19:18:02,725 - INFO - Saving output image...
